[2021-01-24 10:56:20,341][Demo_PU.py][INFO] NUM:[0/10]	 lr=0.0006,weight+decay=2e-05 


[2021-01-24 11:15:33,254][Demo_PU.py][INFO] NUM:[0/10]	 lr=0.0006,weight+decay=2e-05 


[2021-01-24 11:20:32,445][Demo_PU.py][INFO] Epoch:[0/1000]	 test=18287\41917 OA=0.4362669 AA=0.1111111 kappa=0.0000000 AC=[[0. 1. 0. 0. 0. 0. 0. 0. 0.]]
[2021-01-24 11:23:14,246][Demo_PU.py][INFO] NUM:[0/10]	 lr=0.0006,weight+decay=2e-05 


[2021-01-24 11:28:09,235][Demo_PU.py][INFO] Epoch:[0/1000]	 test=18287\41917 OA=0.4362669 AA=0.1111111 kappa=0.0000000 AC=[[0. 1. 0. 0. 0. 0. 0. 0. 0.]]
[2021-01-24 11:51:58,337][Demo_PU.py][INFO] Epoch:[10/1000]	 test=24764\41917 OA=0.5907866 AA=0.2219143 kappa=0.3781079 AC=[[0.99722864 1.         0.         0.         0.         0.
 0.         0.         0.        ]]
[2021-01-24 12:14:18,151][Demo_PU.py][INFO] Epoch:[20/1000]	 test=27883\41917 OA=0.6651955 AA=0.3317249 kappa=0.5106420 AC=[[0.99984604 1.         0.         0.74366667 0.         0.
 0.         0.24201167 0.        ]]
[2021-01-24 12:37:03,870][Demo_PU.py][INFO] Epoch:[30/1000]	 test=31744\41917 OA=0.7573061 AA=0.5192396 kappa=0.6552653 AC=[[1.00000000e+00 9.99398480e-01 0.00000000e+00 9.06000000e-01
 9.21434020e-01 8.11194484e-04 0.00000000e+00 8.45512642e-01
 0.00000000e+00]]
[2021-01-24 13:00:21,323][Demo_PU.py][INFO] Epoch:[40/1000]	 test=33520\41917 OA=0.7996755 AA=0.6059068 kappa=0.7195108 AC=[[1.         1.         0.         0.94766667 0.9511823  0.23078483
 0.         0.85357044 0.46995708]]
[2021-01-24 13:23:17,631][Demo_PU.py][INFO] Epoch:[50/1000]	 test=36217\41917 OA=0.8640170 AA=0.7173393 kappa=0.8153991 AC=[[0.98937644 0.98955542 0.00533721 0.97866667 0.99923722 0.66538228
 0.         0.91969992 0.90879828]]
[2021-01-24 13:46:12,684][Demo_PU.py][INFO] Epoch:[60/1000]	 test=37651\41917 OA=0.8982274 AA=0.7604678 kappa=0.8628895 AC=[[0.99753657 0.9976486  0.18971373 0.96533333 0.99771167 0.8527682
 0.         0.90358433 0.93991416]]
[2021-01-24 14:09:16,629][Demo_PU.py][INFO] Epoch:[70/1000]	 test=38931\41917 OA=0.9287640 AA=0.8219208 kappa=0.9043647 AC=[[0.99876828 0.99912506 0.67200388 0.94433333 1.         0.90975461
 0.         0.90441789 0.96888412]]
[2021-01-24 14:32:54,182][Demo_PU.py][INFO] Epoch:[80/1000]	 test=39321\41917 OA=0.9380681 AA=0.8422913 kappa=0.9171395 AC=[[0.99568899 0.99338328 0.80106744 0.96066667 1.         0.93571284
 0.         0.9241456  0.96995708]]
[2021-01-24 14:56:28,717][Demo_PU.py][INFO] Epoch:[90/1000]	 test=39746\41917 OA=0.9482072 AA=0.8722034 kappa=0.9307182 AC=[[0.99953811 0.99628151 0.80737506 0.94133333 1.         0.93834922
 0.26364335 0.93442623 0.96888412]]
[2021-01-24 15:19:23,153][Demo_PU.py][INFO] Epoch:[100/1000]	 test=40371\41917 OA=0.9631176 AA=0.9239638 kappa=0.9507624 AC=[[0.99953811 0.99857822 0.79912664 0.94566667 1.         0.93348205
 0.73251345 0.93359266 0.97317597]]
[2021-01-24 15:42:36,317][Demo_PU.py][INFO] Epoch:[110/1000]	 test=40026\41917 OA=0.9548870 AA=0.9209138 kappa=0.9399784 AC=[[0.98198614 0.98496199 0.84327996 0.971      0.99466056 0.92334212
 0.6925442  0.92220061 0.97424893]]
[2021-01-24 16:05:43,316][Demo_PU.py][INFO] Epoch:[120/1000]	 test=40307\41917 OA=0.9615908 AA=0.9341597 kappa=0.9487708 AC=[[0.99923018 0.99146935 0.83551674 0.94166667 1.         0.9121882
 0.81014604 0.93331481 0.98390558]]
[2021-01-24 16:28:26,796][Demo_PU.py][INFO] Epoch:[130/1000]	 test=40579\41917 OA=0.9680798 AA=0.9431925 kappa=0.9574488 AC=[[0.99907621 0.99546126 0.83988355 0.94466667 1.         0.92922328
 0.84934666 0.94609614 0.98497854]]
[2021-01-24 16:51:47,844][Demo_PU.py][INFO] Epoch:[140/1000]	 test=40683\41917 OA=0.9705609 AA=0.9473147 kappa=0.9607716 AC=[[0.99892225 0.99611746 0.85104318 0.94833333 1.         0.93490164
 0.85857033 0.95081967 0.98712446]]
[2021-01-24 17:14:56,797][Demo_PU.py][INFO] Epoch:[150/1000]	 test=40729\41917 OA=0.9716583 AA=0.9494284 kappa=0.9622392 AC=[[0.99861432 0.99644556 0.85541    0.951      1.         0.93591564
 0.86702537 0.95332037 0.98712446]]
[2021-01-24 17:38:18,049][Demo_PU.py][INFO] Epoch:[160/1000]	 test=40754\41917 OA=0.9722547 AA=0.9504479 kappa=0.9630365 AC=[[0.99846035 0.9966643  0.8583212  0.95266667 1.         0.93672683
 0.86856264 0.95443179 0.98819742]]
[2021-01-24 18:00:54,133][Demo_PU.py][INFO] Epoch:[170/1000]	 test=40777\41917 OA=0.9728034 AA=0.9515101 kappa=0.9637736 AC=[[0.99846035 0.99677366 0.85977681 0.95566667 1.         0.93794362
 0.87317448 0.95359822 0.98819742]]
[2021-01-24 18:23:45,560][Demo_PU.py][INFO] Epoch:[180/1000]	 test=40791\41917 OA=0.9731374 AA=0.9521426 kappa=0.9642216 AC=[[0.99815242 0.99682835 0.86074721 0.95566667 1.         0.93956601
 0.87624904 0.95387608 0.98819742]]
[2021-01-24 18:46:05,392][Demo_PU.py][INFO] Epoch:[190/1000]	 test=40813\41917 OA=0.9736622 AA=0.9530580 kappa=0.9649240 AC=[[0.99815242 0.9969924  0.86317322 0.95666667 1.         0.9413912
 0.87855496 0.95332037 0.98927039]]
[2021-01-24 19:08:52,319][Demo_PU.py][INFO] Epoch:[200/1000]	 test=40832\41917 OA=0.9741155 AA=0.9537789 kappa=0.9655307 AC=[[0.99830639 0.99710177 0.86462882 0.95633333 1.         0.94341918
 0.88162952 0.95332037 0.98927039]]
[2021-01-24 19:32:25,369][Demo_PU.py][INFO] Epoch:[210/1000]	 test=40844\41917 OA=0.9744018 AA=0.9542028 kappa=0.9659139 AC=[[0.99830639 0.99721113 0.86462882 0.95666667 1.         0.94504157
 0.88393543 0.95276466 0.98927039]]
[2021-01-24 19:55:40,676][Demo_PU.py][INFO] Epoch:[220/1000]	 test=40852\41917 OA=0.9745926 AA=0.9545300 kappa=0.9661694 AC=[[0.99830639 0.99726582 0.86656963 0.95666667 1.         0.94605557
 0.88470407 0.95193109 0.98927039]]
[2021-01-24 20:18:29,558][Demo_PU.py][INFO] Epoch:[230/1000]	 test=40858\41917 OA=0.9747358 AA=0.9546530 kappa=0.9663625 AC=[[0.99830639 0.99726582 0.86705483 0.95566667 1.         0.94767796
 0.88470407 0.95193109 0.98927039]]
[2021-01-24 20:41:49,847][Demo_PU.py][INFO] Epoch:[240/1000]	 test=40870\41917 OA=0.9750221 AA=0.9550786 kappa=0.9667462 AC=[[0.99830639 0.9973205  0.86754003 0.956      1.         0.94909755
 0.88624135 0.95193109 0.98927039]]
[2021-01-24 21:05:39,001][Demo_PU.py][INFO] Epoch:[250/1000]	 test=40886\41917 OA=0.9754038 AA=0.9558173 kappa=0.9672584 AC=[[0.99815242 0.99737518 0.86802523 0.957      1.         0.95051714
 0.89008455 0.95193109 0.98927039]]
[2021-01-24 21:29:07,926][Demo_PU.py][INFO] Epoch:[260/1000]	 test=40901\41917 OA=0.9757616 AA=0.9562828 kappa=0.9677385 AC=[[0.99815242 0.99742987 0.86851043 0.95766667 1.         0.95254512
 0.89239047 0.95165324 0.98819742]]
[2021-01-24 21:52:41,262][Demo_PU.py][INFO] Epoch:[270/1000]	 test=40917\41917 OA=0.9761433 AA=0.9570265 kappa=0.9682502 AC=[[0.99815242 0.99742987 0.86899563 0.95833333 1.         0.95396471
 0.89623367 0.95193109 0.98819742]]
[2021-01-24 22:15:26,001][Demo_PU.py][INFO] Epoch:[280/1000]	 test=40927\41917 OA=0.9763819 AA=0.9572483 kappa=0.9685684 AC=[[0.99815242 0.99759392 0.86948083 0.95866667 1.         0.95497871
 0.89623367 0.95193109 0.98819742]]
[2021-01-24 22:38:28,674][Demo_PU.py][INFO] Epoch:[290/1000]	 test=40934\41917 OA=0.9765489 AA=0.9574631 kappa=0.9687930 AC=[[0.99815242 0.99759392 0.86899563 0.958      1.         0.95680389
 0.89777095 0.95165324 0.98819742]]
[2021-01-24 23:01:52,558][Demo_PU.py][INFO] Epoch:[300/1000]	 test=40939\41917 OA=0.9766682 AA=0.9577034 kappa=0.9689547 AC=[[0.9978445  0.99753924 0.86948083 0.95833333 1.         0.95802069
 0.89853958 0.95137538 0.98819742]]
[2021-01-24 23:25:27,780][Demo_PU.py][INFO] Epoch:[310/1000]	 test=40945\41917 OA=0.9768113 AA=0.9578441 kappa=0.9691477 AC=[[0.99769053 0.99753924 0.86948083 0.95833333 1.         0.95944028
 0.89853958 0.95137538 0.98819742]]
[2021-01-24 23:49:16,413][Demo_PU.py][INFO] Epoch:[320/1000]	 test=40956\41917 OA=0.9770737 AA=0.9581941 kappa=0.9695006 AC=[[0.99753657 0.99753924 0.86948083 0.95766667 1.         0.96187386
 0.90007686 0.95137538 0.98819742]]
[2021-01-25 00:12:22,353][Demo_PU.py][INFO] Epoch:[330/1000]	 test=40969\41917 OA=0.9773839 AA=0.9585315 kappa=0.9699158 AC=[[0.99753657 0.9976486  0.86948083 0.958      1.         0.96369905
 0.9008455  0.95137538 0.98819742]]
[2021-01-25 00:36:27,773][Demo_PU.py][INFO] Epoch:[340/1000]	 test=40986\41917 OA=0.9777894 AA=0.9592986 kappa=0.9704574 AC=[[0.99753657 0.99775797 0.86996604 0.958      1.         0.96511864
 0.90545734 0.95165324 0.98819742]]
[2021-01-25 01:00:07,255][Demo_PU.py][INFO] Epoch:[350/1000]	 test=40990\41917 OA=0.9778849 AA=0.9594515 kappa=0.9705849 AC=[[0.99753657 0.99775797 0.87093644 0.958      1.         0.96552423
 0.90545734 0.95165324 0.98819742]]
[2021-01-25 01:23:59,936][Demo_PU.py][INFO] Epoch:[360/1000]	 test=40993\41917 OA=0.9779564 AA=0.9596195 kappa=0.9706809 AC=[[0.99753657 0.99775797 0.87142164 0.95833333 1.         0.96572703
 0.90622598 0.95137538 0.98819742]]
[2021-01-25 01:47:45,816][Demo_PU.py][INFO] Epoch:[370/1000]	 test=41001\41917 OA=0.9781473 AA=0.9599144 kappa=0.9709363 AC=[[0.99753657 0.99775797 0.87239204 0.95866667 1.         0.96633543
 0.90776326 0.95165324 0.98712446]]
[2021-01-25 02:11:45,544][Demo_PU.py][INFO] Epoch:[380/1000]	 test=41004\41917 OA=0.9782189 AA=0.9599746 kappa=0.9710310 AC=[[0.99769053 0.99781265 0.87239204 0.959      1.         0.96633543
 0.90776326 0.95165324 0.98712446]]
[2021-01-25 02:35:36,282][Demo_PU.py][INFO] Epoch:[390/1000]	 test=41007\41917 OA=0.9782904 AA=0.9600380 kappa=0.9711264 AC=[[0.99769053 0.99786734 0.87336245 0.959      1.         0.96674103
 0.9085319  0.95109753 0.9860515 ]]
[2021-01-25 02:59:19,846][Demo_PU.py][INFO] Epoch:[400/1000]	 test=41016\41917 OA=0.9785051 AA=0.9604899 kappa=0.9714137 AC=[[0.99769053 0.99786734 0.87530325 0.95933333 1.         0.96755222
 0.91006918 0.95054182 0.9860515 ]]
[2021-01-25 18:09:50,251][Demo_PU.py][INFO] NUM:[0/10]	 lr=0.0006,weight+decay=2e-05 


[2021-01-25 18:14:46,673][Demo_PU.py][INFO] Epoch:[0/1000]	 test=18287\41917 OA=0.4362669 AA=0.1111111 kappa=0.0000000 AC=[[0. 1. 0. 0. 0. 0. 0. 0. 0.]]
[2021-01-25 18:27:42,912][Demo_PU.py][INFO] NUM:[0/10]	 lr=0.0006,weight+decay=2e-05 


[2021-01-25 18:32:31,195][Demo_PU.py][INFO] Epoch:[0/1000]	 test=7715\41917 OA=0.1840542 AA=0.1185238 kappa=0.0201307 AC=[[1.         0.06671406 0.         0.         0.         0.
 0.         0.         0.        ]]
[2021-01-25 18:56:47,736][Demo_PU.py][INFO] Epoch:[10/1000]	 test=24779\41917 OA=0.5911444 AA=0.2221709 kappa=0.3844714 AC=[[0.99953811 1.         0.         0.         0.         0.
 0.         0.         0.        ]]
[2021-01-25 19:20:12,198][Demo_PU.py][INFO] Epoch:[20/1000]	 test=27060\41917 OA=0.6455615 AA=0.3065926 kappa=0.4836963 AC=[[1.         1.         0.         0.75933333 0.         0.
 0.         0.         0.        ]]
[2021-01-25 19:43:17,451][Demo_PU.py][INFO] Epoch:[30/1000]	 test=31691\41917 OA=0.7560417 AA=0.5173624 kappa=0.6517361 AC=[[0.99414935 0.99989063 0.         0.907      0.91304348 0.
 0.         0.84217838 0.        ]]
[2021-01-25 20:06:07,334][Demo_PU.py][INFO] Epoch:[40/1000]	 test=32274\41917 OA=0.7699501 AA=0.5425817 kappa=0.6752726 AC=[[0.982602   0.99956253 0.         0.955      0.99847445 0.04725208
 0.         0.88746874 0.01287554]]
[2021-01-25 20:29:28,112][Demo_PU.py][INFO] Epoch:[50/1000]	 test=35222\41917 OA=0.8402796 AA=0.6731505 kappa=0.7812955 AC=[[0.97813703 0.98742276 0.04463852 0.97533333 1.         0.53396877
 0.         0.90580717 0.63304721]]
[2021-01-25 20:52:30,637][Demo_PU.py][INFO] Epoch:[60/1000]	 test=38403\41917 OA=0.9161677 AA=0.8030815 kappa=0.8872998 AC=[[0.98752887 0.99267239 0.58806405 0.93933333 1.         0.8819712
 0.         0.91219783 0.92596567]]
[2021-01-25 21:15:40,947][Demo_PU.py][INFO] Epoch:[70/1000]	 test=39217\41917 OA=0.9355870 AA=0.8397128 kappa=0.9137684 AC=[[0.97644342 0.99475037 0.78796701 0.94366667 0.99923722 0.93591564
 0.         0.94303973 0.97639485]]
[2021-01-25 21:39:08,081][Demo_PU.py][INFO] Epoch:[80/1000]	 test=39439\41917 OA=0.9408832 AA=0.8535228 kappa=0.9209014 AC=[[0.97952271 0.9966643  0.80203785 0.93866667 1.         0.94402758
 0.10376633 0.93525979 0.98175966]]
[2021-01-25 22:02:41,645][Demo_PU.py][INFO] Epoch:[90/1000]	 test=40497\41917 OA=0.9661235 AA=0.9293729 kappa=0.9548393 AC=[[0.99214781 0.99852354 0.86171761 0.95266667 1.         0.95680389
 0.7140661  0.91525424 0.97317597]]
[2021-01-25 22:26:28,703][Demo_PU.py][INFO] Epoch:[100/1000]	 test=40740\41917 OA=0.9719207 AA=0.9462592 kappa=0.9626314 AC=[[0.99091609 0.99726582 0.84861718 0.95433333 1.         0.96978301
 0.8501153  0.92998055 0.97532189]]
[2021-01-25 22:49:39,504][Demo_PU.py][INFO] Epoch:[110/1000]	 test=40818\41917 OA=0.9737815 AA=0.9504287 kappa=0.9651168 AC=[[0.99199384 0.99770329 0.84861718 0.955      1.         0.97262219
 0.8793236  0.93220339 0.97639485]]
[2021-01-25 23:12:41,873][Demo_PU.py][INFO] Epoch:[120/1000]	 test=40860\41917 OA=0.9747835 AA=0.9528163 kappa=0.9664579 AC=[[0.99183988 0.99803139 0.84522077 0.95533333 1.         0.97566417
 0.89930822 0.93248124 0.97746781]]
[2021-01-25 23:36:07,149][Demo_PU.py][INFO] Epoch:[130/1000]	 test=40887\41917 OA=0.9754276 AA=0.9541189 kappa=0.9673217 AC=[[0.99137798 0.99825012 0.84473557 0.95666667 1.         0.97830055
 0.90699462 0.93220339 0.97854077]]
[2021-01-25 23:59:27,494][Demo_PU.py][INFO] Epoch:[140/1000]	 test=40897\41917 OA=0.9756662 AA=0.9546072 kappa=0.9676426 AC=[[0.99122402 0.99825012 0.84327996 0.95733333 1.         0.97951734
 0.91083782 0.93248124 0.97854077]]
[2021-01-26 00:22:52,327][Demo_PU.py][INFO] Epoch:[150/1000]	 test=40907\41917 OA=0.9759048 AA=0.9549962 kappa=0.9679636 AC=[[0.99091609 0.99830481 0.84085395 0.958      1.         0.98093693
 0.91544965 0.93303695 0.97746781]]
[2021-01-26 00:46:12,860][Demo_PU.py][INFO] Epoch:[160/1000]	 test=40917\41917 OA=0.9761433 AA=0.9552377 kappa=0.9682840 AC=[[0.99076212 0.99841417 0.83988355 0.959      1.         0.98235652
 0.91621829 0.93303695 0.97746781]]
[2021-01-26 01:09:47,275][Demo_PU.py][INFO] Epoch:[170/1000]	 test=40930\41917 OA=0.9764535 AA=0.9557710 kappa=0.9686993 AC=[[0.99060816 0.99846886 0.84085395 0.959      1.         0.98397891
 0.91852421 0.93303695 0.97746781]]
[2021-01-26 01:33:26,017][Demo_PU.py][INFO] Epoch:[180/1000]	 test=40933\41917 OA=0.9765250 AA=0.9559842 kappa=0.9687972 AC=[[0.9904542  0.99841417 0.84133916 0.959      1.         0.9851957
 0.92006149 0.93192553 0.97746781]]
[2021-01-26 01:57:07,420][Demo_PU.py][INFO] Epoch:[190/1000]	 test=40940\41917 OA=0.9766920 AA=0.9563616 kappa=0.9690212 AC=[[0.99030023 0.99841417 0.84036875 0.959      1.         0.98661529
 0.92236741 0.93164768 0.97854077]]
[2021-01-26 02:20:34,285][Demo_PU.py][INFO] Epoch:[200/1000]	 test=40946\41917 OA=0.9768352 AA=0.9565485 kappa=0.9692133 AC=[[0.99014627 0.99852354 0.84036875 0.96033333 1.         0.98762928
 0.92313605 0.93025841 0.97854077]]
[2021-01-26 02:44:03,121][Demo_PU.py][INFO] Epoch:[210/1000]	 test=40953\41917 OA=0.9770022 AA=0.9566058 kappa=0.9694345 AC=[[0.99030023 0.99874228 0.83988355 0.96       1.         0.98803488
 0.92313605 0.93081412 0.97854077]]
[2021-01-26 03:07:02,888][Demo_PU.py][INFO] Epoch:[220/1000]	 test=40964\41917 OA=0.9772646 AA=0.9569848 kappa=0.9697847 AC=[[0.9904542  0.99885164 0.83939835 0.96133333 1.         0.98904887
 0.92390469 0.93025841 0.97961373]]
[2021-01-26 03:30:10,254][Demo_PU.py][INFO] Epoch:[230/1000]	 test=40969\41917 OA=0.9773839 AA=0.9570539 kappa=0.9699434 AC=[[0.9899923  0.99907038 0.83891315 0.962      1.         0.98945447
 0.92390469 0.93053626 0.97961373]]
[2021-01-26 03:53:05,507][Demo_PU.py][INFO] Epoch:[240/1000]	 test=40977\41917 OA=0.9775747 AA=0.9572812 kappa=0.9701975 AC=[[0.99014627 0.99912506 0.83988355 0.96233333 1.         0.99026567
 0.92390469 0.93025841 0.97961373]]
[2021-01-26 04:16:14,450][Demo_PU.py][INFO] Epoch:[250/1000]	 test=40984\41917 OA=0.9777417 AA=0.9573401 kappa=0.9704193 AC=[[0.99030023 0.9993438  0.83891315 0.96333333 1.         0.99067126
 0.92390469 0.92998055 0.97961373]]
[2021-01-26 04:39:24,150][Demo_PU.py][INFO] Epoch:[260/1000]	 test=40983\41917 OA=0.9777179 AA=0.9571443 kappa=0.9703890 AC=[[0.9899923  0.9993438  0.83842795 0.96366667 0.99923722 0.99148246
 0.92390469 0.9297027  0.97854077]]
[2021-01-26 05:02:55,822][Demo_PU.py][INFO] Epoch:[270/1000]	 test=40984\41917 OA=0.9777417 AA=0.9572444 kappa=0.9704208 AC=[[0.9899923  0.9993438  0.83891315 0.96366667 0.99923722 0.99168526
 0.92467333 0.92914699 0.97854077]]
[2021-01-26 05:26:45,217][Demo_PU.py][INFO] Epoch:[280/1000]	 test=40993\41917 OA=0.9779564 AA=0.9575024 kappa=0.9707072 AC=[[0.99014627 0.99939848 0.83939835 0.96433333 0.99923722 0.99209085
 0.92467333 0.9297027  0.97854077]]
[2021-01-26 05:50:21,762][Demo_PU.py][INFO] Epoch:[290/1000]	 test=40995\41917 OA=0.9780042 AA=0.9575771 kappa=0.9707703 AC=[[0.99014627 0.99945316 0.84036875 0.96433333 0.99923722 0.99229365
 0.92467333 0.92914699 0.97854077]]
[2021-01-26 06:13:50,537][Demo_PU.py][INFO] Epoch:[300/1000]	 test=41000\41917 OA=0.9781234 AA=0.9577420 kappa=0.9709288 AC=[[0.99014627 0.99950785 0.84085395 0.965      0.99923722 0.99229365
 0.92467333 0.92942484 0.97854077]]
[2021-01-26 06:36:58,399][Demo_PU.py][INFO] Epoch:[310/1000]	 test=41006\41917 OA=0.9782666 AA=0.9578843 kappa=0.9711196 AC=[[0.99030023 0.99956253 0.84085395 0.96566667 0.99923722 0.99269925
 0.92467333 0.92942484 0.97854077]]
[2021-01-26 07:00:09,447][Demo_PU.py][INFO] Epoch:[320/1000]	 test=41014\41917 OA=0.9784574 AA=0.9579817 kappa=0.9713745 AC=[[0.9904542  0.9996719  0.84036875 0.967      0.99923722 0.99351044
 0.92390469 0.92914699 0.97854077]]
[2021-01-26 07:22:54,074][Demo_PU.py][INFO] Epoch:[330/1000]	 test=41017\41917 OA=0.9785290 AA=0.9580709 kappa=0.9714691 AC=[[0.9904542  0.99978127 0.84036875 0.967      0.99923722 0.99371324
 0.92467333 0.92886913 0.97854077]]
[2021-01-26 07:45:48,033][Demo_PU.py][INFO] Epoch:[340/1000]	 test=41021\41917 OA=0.9786244 AA=0.9582337 kappa=0.9715970 AC=[[0.9904542  0.99978127 0.84182436 0.96766667 0.99923722 0.99391604
 0.92544197 0.92831342 0.97746781]]
[2021-01-26 08:08:47,572][Demo_PU.py][INFO] Epoch:[350/1000]	 test=41026\41917 OA=0.9787437 AA=0.9584652 kappa=0.9717551 AC=[[0.99060816 0.99989063 0.84133916 0.96766667 0.99923722 0.99391604
 0.92774789 0.92831342 0.97746781]]
[2021-01-26 08:31:56,727][Demo_PU.py][INFO] Epoch:[360/1000]	 test=41026\41917 OA=0.9787437 AA=0.9584945 kappa=0.9717558 AC=[[0.99060816 0.99989063 0.84085395 0.968      0.99923722 0.99411884
 0.92851653 0.92775771 0.97746781]]
[2021-01-26 08:55:18,489][Demo_PU.py][INFO] Epoch:[370/1000]	 test=41031\41917 OA=0.9788630 AA=0.9589123 kappa=0.9719145 AC=[[0.99076212 0.99989063 0.84133916 0.96766667 0.99923722 0.99391604
 0.93082244 0.92803557 0.97854077]]
[2021-01-26 09:18:54,523][Demo_PU.py][INFO] Epoch:[380/1000]	 test=41038\41917 OA=0.9790300 AA=0.9591693 kappa=0.9721376 AC=[[0.99091609 0.99994532 0.84085395 0.96866667 0.99923722 0.99452444
 0.93235972 0.92747986 0.97854077]]
[2021-01-26 09:42:45,706][Demo_PU.py][INFO] Epoch:[390/1000]	 test=41043\41917 OA=0.9791493 AA=0.9594985 kappa=0.9722959 AC=[[0.99107005 1.         0.84473557 0.96866667 0.99923722 0.99432164
 0.933897   0.92609058 0.97746781]]
[2021-01-26 10:06:07,572][Demo_PU.py][INFO] Epoch:[400/1000]	 test=34223\41917 OA=0.8164468 AA=0.7035047 kappa=0.7469795 AC=[[9.46420323e-01 9.81735659e-01 4.57544881e-01 8.84666667e-01
 9.90846682e-01 2.97302778e-01 7.68639508e-04 7.90497360e-01
 9.81759657e-01]]
[2021-01-26 10:29:12,477][Demo_PU.py][INFO] Epoch:[410/1000]	 test=39732\41917 OA=0.9478732 AA=0.9305063 kappa=0.9305247 AC=[[0.95196305 0.98397769 0.79378942 0.94066667 1.         0.87243967
 0.89162183 0.94331759 0.99678112]]
[2021-01-26 10:52:00,951][Demo_PU.py][INFO] Epoch:[420/1000]	 test=40268\41917 OA=0.9606604 AA=0.9441855 kappa=0.9476200 AC=[[0.96089299 0.99125062 0.82581271 0.946      1.         0.91725816
 0.91083782 0.94776327 0.99785408]]
[2021-01-26 11:14:41,142][Demo_PU.py][INFO] Epoch:[430/1000]	 test=40402\41917 OA=0.9638571 AA=0.9461537 kappa=0.9518641 AC=[[0.96535797 0.9939848  0.8199903  0.94833333 1.         0.92313932
 0.91006918 0.95665463 0.99785408]]
[2021-01-26 11:38:07,332][Demo_PU.py][INFO] Epoch:[440/1000]	 test=40446\41917 OA=0.9649068 AA=0.9462575 kappa=0.9532560 AC=[[0.96766744 0.9949691  0.81125667 0.95066667 1.         0.92476171
 0.90776326 0.96137816 0.99785408]]
[2021-01-26 12:01:29,609][Demo_PU.py][INFO] Epoch:[450/1000]	 test=40472\41917 OA=0.9655271 AA=0.9461868 kappa=0.9540815 AC=[[0.96874519 0.99562531 0.80300825 0.95133333 1.         0.9271953
 0.90776326 0.96415671 0.99785408]]
[2021-01-26 12:24:34,177][Demo_PU.py][INFO] Epoch:[460/1000]	 test=40501\41917 OA=0.9662190 AA=0.9461889 kappa=0.9549943 AC=[[0.97090069 0.99650025 0.79815623 0.95166667 1.         0.92780369
 0.90699462 0.96582384 0.99785408]]
[2021-01-26 12:47:26,905][Demo_PU.py][INFO] Epoch:[470/1000]	 test=40522\41917 OA=0.9667199 AA=0.9462917 kappa=0.9556612 AC=[[0.97228637 0.99682835 0.79475983 0.95266667 1.         0.92881768
 0.90699462 0.96749097 0.99678112]]
[2021-01-26 13:10:23,327][Demo_PU.py][INFO] Epoch:[480/1000]	 test=40537\41917 OA=0.9670778 AA=0.9462699 kappa=0.9561395 AC=[[0.97290223 0.99704708 0.79184862 0.95266667 1.         0.93084567
 0.90545734 0.96888024 0.99678112]]
[2021-01-26 13:33:22,143][Demo_PU.py][INFO] Epoch:[490/1000]	 test=40538\41917 OA=0.9671017 AA=0.9460083 kappa=0.9561713 AC=[[0.97367206 0.99715645 0.7869966  0.95366667 1.         0.93125127
 0.90622598 0.96832453 0.99678112]]
[2021-01-26 13:56:35,578][Demo_PU.py][INFO] Epoch:[500/1000]	 test=40542\41917 OA=0.9671971 AA=0.9460364 kappa=0.9562994 AC=[[0.97413395 0.99715645 0.785541   0.95333333 1.         0.93206246
 0.90699462 0.96832453 0.99678112]]
[2021-01-26 14:19:56,838][Demo_PU.py][INFO] Epoch:[510/1000]	 test=40553\41917 OA=0.9674595 AA=0.9463840 kappa=0.9566451 AC=[[0.97505774 0.99726582 0.78796701 0.95333333 1.         0.93145407
 0.90699462 0.96860239 0.99678112]]
[2021-01-26 14:42:35,060][Demo_PU.py][INFO] Epoch:[520/1000]	 test=40562\41917 OA=0.9676742 AA=0.9465193 kappa=0.9569313 AC=[[0.9756736  0.9973205  0.78845221 0.953      1.         0.93206246
 0.90622598 0.9691581  0.99678112]]
[2021-01-26 15:05:41,463][Demo_PU.py][INFO] Epoch:[530/1000]	 test=40576\41917 OA=0.9680082 AA=0.9469811 kappa=0.9573771 AC=[[0.97675135 0.99737518 0.79039301 0.95366667 1.         0.93226526
 0.90699462 0.96860239 0.99678112]]
[2021-01-26 15:28:11,038][Demo_PU.py][INFO] Epoch:[540/1000]	 test=40583\41917 OA=0.9681752 AA=0.9473617 kappa=0.9576015 AC=[[0.97690531 0.99737518 0.79087821 0.95366667 1.         0.93246806
 0.90930054 0.96888024 0.99678112]]
[2021-01-26 15:50:19,789][Demo_PU.py][INFO] Epoch:[550/1000]	 test=40578\41917 OA=0.9680559 AA=0.9471646 kappa=0.9574392 AC=[[0.97752117 0.99737518 0.78990781 0.95366667 1.         0.93104847
 0.90930054 0.96888024 0.99678112]]
[2021-01-26 16:12:43,784][Demo_PU.py][INFO] Epoch:[560/1000]	 test=40579\41917 OA=0.9680798 AA=0.9470741 kappa=0.9574682 AC=[[0.97798306 0.99759392 0.78796701 0.95333333 1.         0.93084567
 0.91083782 0.96832453 0.99678112]]
[2021-01-26 16:35:23,475][Demo_PU.py][INFO] Epoch:[570/1000]	 test=40591\41917 OA=0.9683661 AA=0.9474766 kappa=0.9578469 AC=[[0.97829099 0.99781265 0.79184862 0.95333333 1.         0.93064287
 0.91160646 0.96804668 0.99570815]]
[2021-01-26 16:58:38,223][Demo_PU.py][INFO] Epoch:[580/1000]	 test=40593\41917 OA=0.9684138 AA=0.9476369 kappa=0.9579084 AC=[[0.97859892 0.99786734 0.79330422 0.953      1.         0.92983168
 0.9123751  0.96804668 0.99570815]]
[2021-01-26 17:21:25,313][Demo_PU.py][INFO] Epoch:[590/1000]	 test=40595\41917 OA=0.9684615 AA=0.9478520 kappa=0.9579691 AC=[[0.97859892 0.9979767  0.79670063 0.953      1.         0.92881768
 0.9123751  0.96749097 0.99570815]]
[2021-01-26 17:44:01,955][Demo_PU.py][INFO] Epoch:[600/1000]	 test=40594\41917 OA=0.9684376 AA=0.9478624 kappa=0.9579367 AC=[[0.97875289 0.99803139 0.79621543 0.95266667 1.         0.92881768
 0.91391238 0.9666574  0.99570815]]
[2021-01-26 18:06:41,913][Demo_PU.py][INFO] Epoch:[610/1000]	 test=40600\41917 OA=0.9685808 AA=0.9482531 kappa=0.9581277 AC=[[0.97875289 0.99808607 0.79815623 0.95333333 1.         0.92841209
 0.91544965 0.96637955 0.99570815]]
[2021-01-26 18:29:02,472][Demo_PU.py][INFO] Epoch:[620/1000]	 test=40608\41917 OA=0.9687716 AA=0.9486222 kappa=0.9583833 AC=[[0.97875289 0.99814076 0.79815623 0.95333333 1.         0.92881768
 0.91775557 0.96693526 0.99570815]]
[2021-01-26 18:51:23,291][Demo_PU.py][INFO] Epoch:[630/1000]	 test=40616\41917 OA=0.9689625 AA=0.9489239 kappa=0.9586387 AC=[[0.97906082 0.99819544 0.79864144 0.95333333 1.         0.92942608
 0.91929285 0.9666574  0.99570815]]
[2021-01-26 19:13:34,314][Demo_PU.py][INFO] Epoch:[640/1000]	 test=40613\41917 OA=0.9688909 AA=0.9488746 kappa=0.9585434 AC=[[0.97936875 0.99814076 0.79815623 0.95366667 1.         0.92922328
 0.92006149 0.96554598 0.99570815]]
[2021-01-26 19:35:27,590][Demo_PU.py][INFO] Epoch:[650/1000]	 test=40623\41917 OA=0.9691295 AA=0.9490885 kappa=0.9588609 AC=[[0.97983064 0.99830481 0.79864144 0.954      1.         0.92942608
 0.92006149 0.96582384 0.99570815]]
[2021-01-26 19:58:21,391][Demo_PU.py][INFO] Epoch:[660/1000]	 test=40628\41917 OA=0.9692488 AA=0.9492156 kappa=0.9590210 AC=[[0.98013857 0.99830481 0.79815623 0.95366667 1.         0.93003448
 0.92083013 0.96610169 0.99570815]]
[2021-01-26 20:21:22,545][Demo_PU.py][INFO] Epoch:[670/1000]	 test=40636\41917 OA=0.9694396 AA=0.9494525 kappa=0.9592760 AC=[[0.9804465  0.99841417 0.79864144 0.954      1.         0.93044007
 0.92159877 0.96582384 0.99570815]]
[2021-01-26 20:44:08,540][Demo_PU.py][INFO] Epoch:[680/1000]	 test=40633\41917 OA=0.9693680 AA=0.9491831 kappa=0.9591807 AC=[[0.98106236 0.99835949 0.79573023 0.954      1.         0.93064287
 0.92159877 0.96554598 0.99570815]]
[2021-01-26 21:06:13,709][Demo_PU.py][INFO] Epoch:[690/1000]	 test=40642\41917 OA=0.9695827 AA=0.9493306 kappa=0.9594697 AC=[[0.98167821 0.99835949 0.79378942 0.95466667 1.         0.93185966
 0.92236741 0.96554598 0.99570815]]
[2021-01-26 21:28:49,334][Demo_PU.py][INFO] Epoch:[700/1000]	 test=40639\41917 OA=0.9695112 AA=0.9491919 kappa=0.9593739 AC=[[0.98167821 0.99835949 0.79281902 0.95466667 1.         0.93185966
 0.92236741 0.96526813 0.99570815]]
[2021-01-26 21:51:22,032][Demo_PU.py][INFO] Epoch:[710/1000]	 test=40643\41917 OA=0.9696066 AA=0.9490792 kappa=0.9595027 AC=[[0.98198614 0.99846886 0.79039301 0.955      1.         0.93307646
 0.92236741 0.96471242 0.99570815]]
[2021-01-26 22:14:18,682][Demo_PU.py][INFO] Epoch:[720/1000]	 test=40658\41917 OA=0.9699645 AA=0.9494695 kappa=0.9599808 AC=[[0.98229407 0.99857822 0.79136342 0.955      1.         0.93409045
 0.92236741 0.96582384 0.99570815]]
[2021-01-26 22:37:34,527][Demo_PU.py][INFO] Epoch:[730/1000]	 test=40673\41917 OA=0.9703223 AA=0.9499825 kappa=0.9604594 AC=[[0.98321786 0.99863291 0.79184862 0.95566667 1.         0.93510444
 0.92467333 0.96499028 0.99570815]]
[2021-01-26 23:00:07,588][Demo_PU.py][INFO] Epoch:[740/1000]	 test=40689\41917 OA=0.9707040 AA=0.9503982 kappa=0.9609728 AC=[[0.98414165 0.99857822 0.79087821 0.95566667 1.         0.93713243
 0.92621061 0.96526813 0.99570815]]
[2021-01-26 23:22:54,649][Demo_PU.py][INFO] Epoch:[750/1000]	 test=40692\41917 OA=0.9707756 AA=0.9504174 kappa=0.9610681 AC=[[0.98444958 0.99857822 0.79039301 0.95533333 1.         0.93753802
 0.92621061 0.96554598 0.99570815]]
[2021-01-26 23:45:49,907][Demo_PU.py][INFO] Epoch:[760/1000]	 test=40702\41917 OA=0.9710141 AA=0.9506184 kappa=0.9613871 AC=[[0.98491147 0.99863291 0.79039301 0.95533333 1.         0.93855202
 0.92621061 0.96582384 0.99570815]]
[2021-01-27 00:08:31,204][Demo_PU.py][INFO] Epoch:[770/1000]	 test=40705\41917 OA=0.9710857 AA=0.9507270 kappa=0.9614823 AC=[[0.9852194  0.99863291 0.79039301 0.95566667 1.         0.93814642
 0.92774789 0.96610169 0.99463519]]
[2021-01-27 00:30:57,188][Demo_PU.py][INFO] Epoch:[780/1000]	 test=40711\41917 OA=0.9712289 AA=0.9508392 kappa=0.9616742 AC=[[0.98598922 0.99863291 0.78942261 0.95633333 1.         0.93875482
 0.92851653 0.96526813 0.99463519]]
[2021-01-27 00:53:09,296][Demo_PU.py][INFO] Epoch:[790/1000]	 test=40721\41917 OA=0.9714674 AA=0.9511642 kappa=0.9619926 AC=[[0.98645112 0.99874228 0.78893741 0.95633333 1.         0.93956601
 0.93082244 0.96499028 0.99463519]]
[2021-01-27 01:15:55,255][Demo_PU.py][INFO] Epoch:[800/1000]	 test=40735\41917 OA=0.9718014 AA=0.9515591 kappa=0.9624397 AC=[[0.98660508 0.99890633 0.78796701 0.95633333 1.         0.9411884
 0.93312836 0.96526813 0.99463519]]
[2021-01-27 01:38:35,669][Demo_PU.py][INFO] Epoch:[810/1000]	 test=40734\41917 OA=0.9717776 AA=0.9516315 kappa=0.9624064 AC=[[0.98660508 0.99896101 0.78845221 0.95566667 1.         0.9409856
 0.93466564 0.96471242 0.99463519]]
[2021-01-27 02:01:03,333][Demo_PU.py][INFO] Epoch:[820/1000]	 test=40749\41917 OA=0.9721354 AA=0.9519950 kappa=0.9628855 AC=[[0.9873749  0.99901569 0.78845221 0.956      1.         0.94260799
 0.93543428 0.96443457 0.99463519]]
[2021-01-27 02:23:42,434][Demo_PU.py][INFO] Epoch:[830/1000]	 test=40752\41917 OA=0.9722070 AA=0.9520522 kappa=0.9629820 AC=[[0.98768283 0.99901569 0.7869966  0.95566667 1.         0.94362198
 0.93697156 0.96387886 0.99463519]]
[2021-01-27 02:46:28,008][Demo_PU.py][INFO] Epoch:[840/1000]	 test=40765\41917 OA=0.9725171 AA=0.9523681 kappa=0.9634005 AC=[[0.98768283 0.99901569 0.7860262  0.95533333 1.         0.94625837
 0.93927748 0.96415671 0.99356223]]
[2021-01-27 03:09:23,416][Demo_PU.py][INFO] Epoch:[850/1000]	 test=40775\41917 OA=0.9727557 AA=0.9526980 kappa=0.9637215 AC=[[0.98752887 0.99912506 0.7865114  0.95533333 1.         0.94808355
 0.94081476 0.96332315 0.99356223]]
[2021-01-27 03:32:01,328][Demo_PU.py][INFO] Epoch:[860/1000]	 test=40784\41917 OA=0.9729704 AA=0.9530226 kappa=0.9640105 AC=[[0.9873749  0.99923443 0.785541   0.955      1.         0.95011154
 0.94388932 0.96248958 0.99356223]]
[2021-01-27 03:54:45,301][Demo_PU.py][INFO] Epoch:[870/1000]	 test=40787\41917 OA=0.9730420 AA=0.9530290 kappa=0.9641052 AC=[[0.98752887 0.9993438  0.785541   0.95466667 1.         0.95051714
 0.94388932 0.96221173 0.99356223]]
[2021-01-27 04:17:38,323][Demo_PU.py][INFO] Epoch:[880/1000]	 test=40785\41917 OA=0.9729943 AA=0.9529220 kappa=0.9640426 AC=[[0.98722094 0.99939848 0.7840854  0.95466667 1.         0.95132833
 0.94465796 0.96137816 0.99356223]]
[2021-01-27 04:40:57,236][Demo_PU.py][INFO] Epoch:[890/1000]	 test=40788\41917 OA=0.9730658 AA=0.9529532 kappa=0.9641398 AC=[[0.98660508 0.99950785 0.78360019 0.955      1.         0.95254512
 0.94465796 0.96110031 0.99356223]]
[2021-01-27 05:03:55,218][Demo_PU.py][INFO] Epoch:[900/1000]	 test=40799\41917 OA=0.9733282 AA=0.9532971 kappa=0.9644920 AC=[[0.98660508 0.99956253 0.78360019 0.95633333 1.         0.95376191
 0.94542659 0.96082245 0.99356223]]
[2021-01-27 05:27:16,083][Demo_PU.py][INFO] Epoch:[910/1000]	 test=40798\41917 OA=0.9733044 AA=0.9532473 kappa=0.9644616 AC=[[0.98645112 0.99961721 0.78214459 0.95666667 1.         0.95457311
 0.94542659 0.95971103 0.99463519]]
[2021-01-27 05:50:29,019][Demo_PU.py][INFO] Epoch:[920/1000]	 test=40799\41917 OA=0.9733282 AA=0.9533846 kappa=0.9644946 AC=[[0.98629715 0.99961721 0.78165939 0.95633333 1.         0.9555871
 0.94773251 0.95859961 0.99463519]]
[2021-01-27 06:13:43,692][Demo_PU.py][INFO] Epoch:[930/1000]	 test=40790\41917 OA=0.9731135 AA=0.9530796 kappa=0.9642093 AC=[[0.98598922 0.99956253 0.78068899 0.95633333 1.         0.9563983
 0.94773251 0.95637677 0.99463519]]
[2021-01-27 06:36:38,768][Demo_PU.py][INFO] Epoch:[940/1000]	 test=40804\41917 OA=0.9734475 AA=0.9529861 kappa=0.9646578 AC=[[0.98845266 0.99945316 0.77923338 0.95833333 1.         0.95862908
 0.94696387 0.95332037 0.99248927]]
[2021-01-27 06:59:34,839][Demo_PU.py][INFO] Epoch:[950/1000]	 test=37954\41917 OA=0.9054560 AA=0.8574209 kappa=0.8731504 AC=[[0.93256351 0.98020452 0.59970888 0.89833333 0.99847445 0.75907524
 0.69946195 0.88330092 0.96566524]]
[2021-01-27 07:22:49,249][Demo_PU.py][INFO] Epoch:[960/1000]	 test=39616\41917 OA=0.9451058 AA=0.9233255 kappa=0.9269129 AC=[[0.94657429 0.98419642 0.72683164 0.93433333 0.99923722 0.88886636
 0.9046887  0.93914976 0.9860515 ]]
[2021-01-27 07:45:44,960][Demo_PU.py][INFO] Epoch:[970/1000]	 test=39793\41917 OA=0.9493284 AA=0.9281991 kappa=0.9325332 AC=[[0.95257891 0.98654782 0.74090247 0.93666667 0.99923722 0.89860069
 0.91083782 0.93914976 0.98927039]]
[2021-01-27 08:08:01,305][Demo_PU.py][INFO] Epoch:[980/1000]	 test=39873\41917 OA=0.9512370 AA=0.9302888 kappa=0.9350711 AC=[[0.95719784 0.98736808 0.74332848 0.93866667 0.99923722 0.90123707
 0.91468101 0.94053904 0.99034335]]
[2021-01-27 08:30:20,450][Demo_PU.py][INFO] Epoch:[990/1000]	 test=39948\41917 OA=0.9530262 AA=0.9318639 kappa=0.9374443 AC=[[0.96073903 0.98868048 0.74332848 0.94133333 1.         0.90387345
 0.91468101 0.94165046 0.99248927]]
[2021-01-27 08:48:59,689][Demo_PU.py][INFO] model SSCDNonLModel_ngcn_1(
  (b1): BatchNorm2d(103, eps=1e-05, momentum=0.1, affine=True, track_running_stats=True)
  (con1): Conv2d(103, 200, kernel_size=(1, 1), stride=(1, 1))
  (s1): Sigmoid()
  (cond1): Conv2d(200, 200, kernel_size=(5, 5), stride=(1, 1), padding=(2, 2), groups=200)
  (sd1): Sigmoid()
  (b2): BatchNorm2d(303, eps=1e-05, momentum=0.1, affine=True, track_running_stats=True)
  (con2): Conv2d(303, 200, kernel_size=(1, 1), stride=(1, 1))
  (s2): Sigmoid()
  (cond2): Conv2d(200, 25, kernel_size=(5, 5), stride=(1, 1), padding=(2, 2), groups=25)
  (sd2): Sigmoid()
  (b4): BatchNorm2d(25, eps=1e-05, momentum=0.1, affine=True, track_running_stats=True)
  (trans): Conv2d(25, 1, kernel_size=(1, 1), stride=(1, 1))
  (att_map): Self_Attn(
    (query_conv): Conv2d(25, 3, kernel_size=(1, 1), stride=(1, 1))
    (key_conv): Conv2d(25, 3, kernel_size=(1, 1), stride=(1, 1))
    (softmax): Softmax(dim=-1)
  )
  (conv1): GCNConv(1, 25)
  (bcat): BatchNorm2d(50, eps=1e-05, momentum=0.1, affine=True, track_running_stats=True)
  (con4): Conv2d(50, 200, kernel_size=(1, 1), stride=(1, 1))
  (s4): Sigmoid()
  (cond4): Conv2d(200, 200, kernel_size=(5, 5), stride=(1, 1), padding=(2, 2), groups=200)
  (sd4): Sigmoid()
  (b5): BatchNorm2d(225, eps=1e-05, momentum=0.1, affine=True, track_running_stats=True)
  (con5): Conv2d(225, 200, kernel_size=(1, 1), stride=(1, 1))
  (s5): Sigmoid()
  (cond5): Conv2d(200, 200, kernel_size=(5, 5), stride=(1, 1), padding=(2, 2), groups=200)
  (sd5): Sigmoid()
  (con6): Conv2d(225, 10, kernel_size=(1, 1), stride=(1, 1))
)  best_acc 0.9791493 threshold=0.001 



[2021-01-27 08:48:59,698][Demo_PU.py][INFO] NUM:[1/10]	 lr=0.0006,weight+decay=2e-05 


[2021-01-27 08:53:26,109][Demo_PU.py][INFO] Epoch:[0/1000]	 test=23827\41917 OA=0.5684329 AA=0.2059069 kappa=0.3304999 AC=[[0.85327175 0.99989063 0.         0.         0.         0.
 0.         0.         0.        ]]
[2021-01-27 09:17:55,422][Demo_PU.py][INFO] Epoch:[10/1000]	 test=24772\41917 OA=0.5909774 AA=0.2220512 kappa=0.3838963 AC=[[0.99846035 1.         0.         0.         0.         0.
 0.         0.         0.        ]]
[2021-01-27 09:42:18,411][Demo_PU.py][INFO] Epoch:[20/1000]	 test=26962\41917 OA=0.6432235 AA=0.3029939 kappa=0.4796411 AC=[[1.         0.99994532 0.         0.727      0.         0.
 0.         0.         0.        ]]
[2021-01-27 10:06:39,788][Demo_PU.py][INFO] Epoch:[30/1000]	 test=31991\41917 OA=0.7631987 AA=0.5339655 kappa=0.6643827 AC=[[0.99307159 0.99863291 0.         0.962      0.99313501 0.
 0.         0.85884968 0.        ]]
[2021-01-27 10:31:02,336][Demo_PU.py][INFO] Epoch:[40/1000]	 test=33248\41917 OA=0.7931865 AA=0.5763867 kappa=0.7096272 AC=[[0.99461124 0.99972658 0.04124212 0.96366667 1.         0.1910363
 0.         0.88024451 0.11695279]]
[2021-01-27 10:55:22,999][Demo_PU.py][INFO] Epoch:[50/1000]	 test=37014\41917 OA=0.8830308 AA=0.7483204 kappa=0.8410237 AC=[[0.99107005 0.9993438  0.27462397 0.96566667 1.         0.69438248
 0.         0.90636288 0.90343348]]
[2021-01-27 11:19:25,989][Demo_PU.py][INFO] Epoch:[60/1000]	 test=38259\41917 OA=0.9127323 AA=0.8088824 kappa=0.8819731 AC=[[0.99538106 0.99868759 0.68753033 0.96866667 1.         0.75907524
 0.         0.90386218 0.9667382 ]]
[2021-01-27 11:43:25,542][Demo_PU.py][INFO] Epoch:[70/1000]	 test=39427\41917 OA=0.9405969 AA=0.8418272 kappa=0.9205405 AC=[[0.9899923  0.99737518 0.73993207 0.97666667 1.         0.9551815
 0.         0.93553765 0.98175966]]
[2021-01-27 12:07:57,945][Demo_PU.py][INFO] Epoch:[80/1000]	 test=39558\41917 OA=0.9437221 AA=0.8456751 kappa=0.9247170 AC=[[0.99107005 0.99928911 0.76952935 0.96933333 1.         0.96309065
 0.         0.93914976 0.97961373]]
[2021-01-27 12:32:08,079][Demo_PU.py][INFO] Epoch:[90/1000]	 test=40232\41917 OA=0.9598015 AA=0.8996955 kappa=0.9463726 AC=[[0.99168591 0.99945316 0.80980107 0.97166667 1.         0.96714662
 0.443505   0.93331481 0.9806867 ]]
[2021-01-27 12:55:38,155][Demo_PU.py][INFO] Epoch:[100/1000]	 test=40832\41917 OA=0.9741155 AA=0.9476635 kappa=0.9655594 AC=[[0.99030023 0.99923443 0.82823872 0.97666667 1.         0.970797
 0.84012298 0.93970547 0.98390558]]
[2021-01-27 13:19:14,984][Demo_PU.py][INFO] Epoch:[110/1000]	 test=40926\41917 OA=0.9763580 AA=0.9510250 kappa=0.9685616 AC=[[0.98752887 0.9993438  0.81222707 0.973      1.         0.98276212
 0.86241353 0.9580439  0.98390558]]
[2021-01-27 13:42:46,927][Demo_PU.py][INFO] Epoch:[120/1000]	 test=41052\41917 OA=0.9793640 AA=0.9592540 kappa=0.9725753 AC=[[0.98829869 0.9993438  0.83697234 0.97466667 1.         0.9856013
 0.90545734 0.95582106 0.98712446]]
[2021-01-27 14:06:17,338][Demo_PU.py][INFO] Epoch:[130/1000]	 test=41063\41917 OA=0.9796264 AA=0.9592705 kappa=0.9729237 AC=[[0.98968437 0.99945316 0.83406114 0.97266667 1.         0.98762928
 0.90699462 0.95582106 0.98712446]]
[2021-01-27 14:29:55,539][Demo_PU.py][INFO] Epoch:[140/1000]	 test=41095\41917 OA=0.9803898 AA=0.9606675 kappa=0.9739410 AC=[[0.99076212 0.99945316 0.83891315 0.973      1.         0.98904887
 0.91160646 0.95609892 0.98712446]]
[2021-01-27 14:54:00,531][Demo_PU.py][INFO] Epoch:[150/1000]	 test=41069\41917 OA=0.9797695 AA=0.9596113 kappa=0.9731137 AC=[[0.99153195 0.99950785 0.83114993 0.97066667 1.         0.98904887
 0.91391238 0.9524868  0.98819742]]
[2021-01-27 15:17:37,010][Demo_PU.py][INFO] Epoch:[160/1000]	 test=40944\41917 OA=0.9767875 AA=0.9532546 kappa=0.9691312 AC=[[0.9926097  0.99961721 0.78893741 0.961      1.         0.98702089
 0.91160646 0.95137538 0.98712446]]
[2021-01-27 15:40:36,009][Demo_PU.py][INFO] Epoch:[170/1000]	 test=40185\41917 OA=0.9586802 AA=0.9296637 kappa=0.9448611 AC=[[0.98937644 0.99786734 0.73556526 0.945      1.         0.9267897
 0.89162183 0.88719089 0.99356223]]
[2021-01-27 16:03:25,958][Demo_PU.py][INFO] Epoch:[180/1000]	 test=40645\41917 OA=0.9696543 AA=0.9448170 kappa=0.9595724 AC=[[0.99030023 0.99896101 0.78214459 0.952      1.         0.9557899
 0.89700231 0.93359266 0.99356223]]
[2021-01-27 16:26:53,163][Demo_PU.py][INFO] Epoch:[190/1000]	 test=40769\41917 OA=0.9726125 AA=0.9498314 kappa=0.9635387 AC=[[0.98983834 0.99885164 0.79621543 0.95566667 1.         0.96410464
 0.90315142 0.9438733  0.99678112]]
[2021-01-27 16:49:57,543][Demo_PU.py][INFO] Epoch:[200/1000]	 test=40846\41917 OA=0.9744495 AA=0.9523649 kappa=0.9660031 AC=[[0.98983834 0.99890633 0.79767103 0.95866667 1.         0.97201379
 0.9085319  0.94887469 0.99678112]]
[2021-01-27 17:13:24,945][Demo_PU.py][INFO] Epoch:[210/1000]	 test=40888\41917 OA=0.9754515 AA=0.9539077 kappa=0.9673465 AC=[[0.99014627 0.99879696 0.80106744 0.96133333 1.         0.97566417
 0.91083782 0.95054182 0.99678112]]
[2021-01-27 17:37:48,969][Demo_PU.py][INFO] Epoch:[220/1000]	 test=40923\41917 OA=0.9762865 AA=0.9552908 kappa=0.9684629 AC=[[0.99014627 0.99879696 0.80543426 0.961      1.         0.97850335
 0.91391238 0.95304251 0.99678112]]
[2021-01-27 18:02:05,009][Demo_PU.py][INFO] Epoch:[230/1000]	 test=40943\41917 OA=0.9767636 AA=0.9562352 kappa=0.9691020 AC=[[0.9904542  0.99874228 0.80591946 0.961      1.         0.98032853
 0.91929285 0.95359822 0.99678112]]
[2021-01-27 18:26:06,196][Demo_PU.py][INFO] Epoch:[240/1000]	 test=40954\41917 OA=0.9770260 AA=0.9567378 kappa=0.9694517 AC=[[0.99076212 0.99874228 0.80883066 0.96133333 1.         0.98053133
 0.92006149 0.95359822 0.99678112]]
[2021-01-27 18:49:38,175][Demo_PU.py][INFO] Epoch:[250/1000]	 test=40975\41917 OA=0.9775270 AA=0.9575462 kappa=0.9701208 AC=[[0.99091609 0.99879696 0.81174187 0.96233333 1.         0.98134253
 0.92236741 0.95470964 0.99570815]]
[2021-01-27 19:13:23,398][Demo_PU.py][INFO] Epoch:[260/1000]	 test=40990\41917 OA=0.9778849 AA=0.9580578 kappa=0.9705992 AC=[[0.99091609 0.99879696 0.81416788 0.96233333 1.         0.98296492
 0.92236741 0.95526535 0.99570815]]
[2021-01-27 19:37:11,434][Demo_PU.py][INFO] Epoch:[270/1000]	 test=41003\41917 OA=0.9781950 AA=0.9586561 kappa=0.9710129 AC=[[0.99091609 0.99879696 0.81756429 0.96266667 1.         0.98357331
 0.92313605 0.95554321 0.99570815]]
[2021-01-27 20:01:06,203][Demo_PU.py][INFO] Epoch:[280/1000]	 test=41014\41917 OA=0.9784574 AA=0.9590191 kappa=0.9713637 AC=[[0.99091609 0.99885164 0.81804949 0.96333333 1.         0.9845873
 0.92390469 0.95582106 0.99570815]]
[2021-01-27 20:25:15,623][Demo_PU.py][INFO] Epoch:[290/1000]	 test=41023\41917 OA=0.9786721 AA=0.9593786 kappa=0.9716502 AC=[[0.99091609 0.99885164 0.8199903  0.96366667 1.         0.9849929
 0.92390469 0.95637677 0.99570815]]
[2021-01-27 20:49:15,859][Demo_PU.py][INFO] Epoch:[300/1000]	 test=41025\41917 OA=0.9787199 AA=0.9594236 kappa=0.9717145 AC=[[0.99091609 0.99885164 0.8199903  0.96366667 1.         0.9853985
 0.92390469 0.95637677 0.99570815]]
[2021-01-27 21:13:02,298][Demo_PU.py][INFO] Epoch:[310/1000]	 test=41040\41917 OA=0.9790777 AA=0.9599336 kappa=0.9721927 AC=[[0.99107005 0.99885164 0.8219311  0.96466667 1.         0.98661529
 0.92390469 0.95665463 0.99570815]]
[2021-01-27 21:37:18,495][Demo_PU.py][INFO] Epoch:[320/1000]	 test=41047\41917 OA=0.9792447 AA=0.9602113 kappa=0.9724153 AC=[[0.99122402 0.99885164 0.8224163  0.965      1.         0.98681809
 0.92467333 0.95721034 0.99570815]]
[2021-01-27 22:01:00,861][Demo_PU.py][INFO] Epoch:[330/1000]	 test=41056\41917 OA=0.9794594 AA=0.9605291 kappa=0.9727011 AC=[[0.99153195 0.99890633 0.82338671 0.965      1.         0.98702089
 0.92544197 0.95776605 0.99570815]]
[2021-01-27 22:24:29,864][Demo_PU.py][INFO] Epoch:[340/1000]	 test=41065\41917 OA=0.9796741 AA=0.9608762 kappa=0.9729870 AC=[[0.99153195 0.99890633 0.82387191 0.965      1.         0.98722369
 0.92621061 0.95943318 0.99570815]]
[2021-01-27 22:48:07,650][Demo_PU.py][INFO] Epoch:[350/1000]	 test=41077\41917 OA=0.9799604 AA=0.9614037 kappa=0.9733693 AC=[[0.99153195 0.99890633 0.82629791 0.96566667 1.         0.98783208
 0.92697925 0.95971103 0.99570815]]
[2021-01-27 23:11:55,881][Demo_PU.py][INFO] Epoch:[360/1000]	 test=41083\41917 OA=0.9801035 AA=0.9615839 kappa=0.9735601 AC=[[0.99168591 0.99890633 0.82726832 0.965      1.         0.98844048
 0.92697925 0.96026674 0.99570815]]
[2021-01-27 23:35:50,124][Demo_PU.py][INFO] Epoch:[370/1000]	 test=41085\41917 OA=0.9801513 AA=0.9616373 kappa=0.9736238 AC=[[0.99168591 0.99890633 0.82726832 0.965      1.         0.98864328
 0.92697925 0.9605446  0.99570815]]
[2021-01-27 23:59:21,304][Demo_PU.py][INFO] Epoch:[380/1000]	 test=41088\41917 OA=0.9802228 AA=0.9617591 kappa=0.9737194 AC=[[0.99168591 0.99890633 0.82775352 0.96533333 1.         0.98864328
 0.92697925 0.96082245 0.99570815]]
[2021-01-28 00:23:10,615][Demo_PU.py][INFO] Epoch:[390/1000]	 test=41092\41917 OA=0.9803182 AA=0.9620777 kappa=0.9738467 AC=[[0.99168591 0.99890633 0.82872392 0.96566667 1.         0.98864328
 0.92774789 0.9605446  0.99678112]]
[2021-01-28 00:47:05,765][Demo_PU.py][INFO] Epoch:[400/1000]	 test=41098\41917 OA=0.9804614 AA=0.9623698 kappa=0.9740376 AC=[[0.99168591 0.99890633 0.82969432 0.966      1.         0.98864328
 0.92851653 0.96110031 0.99678112]]
[2021-01-28 01:11:07,846][Demo_PU.py][INFO] Epoch:[410/1000]	 test=41102\41917 OA=0.9805568 AA=0.9624145 kappa=0.9741654 AC=[[0.99183988 0.99890633 0.82872392 0.96633333 1.         0.98925167
 0.92851653 0.96137816 0.99678112]]
[2021-01-28 01:35:10,071][Demo_PU.py][INFO] Epoch:[420/1000]	 test=41104\41917 OA=0.9806045 AA=0.9625078 kappa=0.9742300 AC=[[0.99153195 0.99890633 0.82872392 0.967      1.         0.98945447
 0.92851653 0.96165602 0.99678112]]
[2021-01-28 01:58:38,970][Demo_PU.py][INFO] Epoch:[430/1000]	 test=41108\41917 OA=0.9807000 AA=0.9626921 kappa=0.9743572 AC=[[0.99153195 0.99890633 0.83017952 0.967      1.         0.98965727
 0.92851653 0.96165602 0.99678112]]
[2021-01-28 02:22:10,986][Demo_PU.py][INFO] Epoch:[440/1000]	 test=41110\41917 OA=0.9807477 AA=0.9627348 kappa=0.9744204 AC=[[0.99183988 0.99890633 0.83066473 0.96666667 1.         0.98986007
 0.92851653 0.96137816 0.99678112]]
[2021-01-28 02:46:00,043][Demo_PU.py][INFO] Epoch:[450/1000]	 test=41113\41917 OA=0.9808192 AA=0.9627768 kappa=0.9745160 AC=[[0.99183988 0.99890633 0.83163513 0.96666667 1.         0.99006287
 0.92851653 0.96165602 0.99570815]]
[2021-01-28 03:09:50,979][Demo_PU.py][INFO] Epoch:[460/1000]	 test=41123\41917 OA=0.9810578 AA=0.9631574 kappa=0.9748330 AC=[[0.99183988 0.99901569 0.83309073 0.967      1.         0.99026567
 0.92928517 0.96221173 0.99570815]]
[2021-01-28 03:34:01,229][Demo_PU.py][INFO] Epoch:[470/1000]	 test=41126\41917 OA=0.9811294 AA=0.9632961 kappa=0.9749279 AC=[[0.99183988 0.99901569 0.83406114 0.967      1.         0.99026567
 0.92928517 0.96248958 0.99570815]]
[2021-01-28 03:58:10,620][Demo_PU.py][INFO] Epoch:[480/1000]	 test=41132\41917 OA=0.9812725 AA=0.9635521 kappa=0.9751193 AC=[[0.99183988 0.99901569 0.83503154 0.96833333 1.         0.99026567
 0.92928517 0.96248958 0.99570815]]
[2021-01-28 04:22:25,235][Demo_PU.py][INFO] Epoch:[490/1000]	 test=41132\41917 OA=0.9812725 AA=0.9635575 kappa=0.9751197 AC=[[0.99168591 0.99901569 0.83503154 0.96833333 1.         0.99046846
 0.92928517 0.96248958 0.99570815]]
[2021-01-28 04:46:39,188][Demo_PU.py][INFO] Epoch:[500/1000]	 test=41136\41917 OA=0.9813679 AA=0.9637257 kappa=0.9752468 AC=[[0.99183988 0.99901569 0.83600194 0.969      1.         0.99046846
 0.92928517 0.96221173 0.99570815]]
[2021-01-28 05:10:59,651][Demo_PU.py][INFO] Epoch:[510/1000]	 test=41135\41917 OA=0.9813441 AA=0.9636617 kappa=0.9752151 AC=[[0.99183988 0.99907038 0.83600194 0.969      1.         0.99067126
 0.92928517 0.96137816 0.99570815]]
[2021-01-28 05:35:29,145][Demo_PU.py][INFO] Epoch:[520/1000]	 test=41138\41917 OA=0.9814157 AA=0.9637695 kappa=0.9753109 AC=[[0.99153195 0.99912506 0.83648714 0.96933333 1.         0.99107686
 0.92928517 0.96137816 0.99570815]]
[2021-01-28 06:00:00,269][Demo_PU.py][INFO] Epoch:[530/1000]	 test=41143\41917 OA=0.9815349 AA=0.9640500 kappa=0.9754697 AC=[[0.99153195 0.99912506 0.83745754 0.96933333 1.         0.99127966
 0.92928517 0.96165602 0.99678112]]
[2021-01-28 06:24:11,820][Demo_PU.py][INFO] Epoch:[540/1000]	 test=41147\41917 OA=0.9816304 AA=0.9642603 kappa=0.9755974 AC=[[0.99137798 0.99912506 0.83891315 0.97       1.         0.99148246
 0.92928517 0.96137816 0.99678112]]
[2021-01-28 06:48:29,723][Demo_PU.py][INFO] Epoch:[550/1000]	 test=41148\41917 OA=0.9816542 AA=0.9643210 kappa=0.9756287 AC=[[0.99137798 0.99917975 0.83891315 0.97       1.         0.99148246
 0.9300538  0.96110031 0.99678112]]
[2021-01-28 07:12:46,530][Demo_PU.py][INFO] Epoch:[560/1000]	 test=41152\41917 OA=0.9817496 AA=0.9644233 kappa=0.9757558 AC=[[0.99168591 0.99917975 0.83939835 0.97       1.         0.99188806
 0.9300538  0.96082245 0.99678112]]
[2021-01-28 07:36:36,793][Demo_PU.py][INFO] Epoch:[570/1000]	 test=41157\41917 OA=0.9818689 AA=0.9646337 kappa=0.9759152 AC=[[0.99168591 0.99917975 0.84133916 0.971      1.         0.99188806
 0.92928517 0.9605446  0.99678112]]
[2021-01-28 07:59:46,897][Demo_PU.py][INFO] Epoch:[580/1000]	 test=41162\41917 OA=0.9819882 AA=0.9648308 kappa=0.9760735 AC=[[0.99168591 0.99928911 0.84230956 0.971      1.         0.99209085
 0.9300538  0.96026674 0.99678112]]
[2021-01-28 08:23:10,645][Demo_PU.py][INFO] Epoch:[590/1000]	 test=41167\41917 OA=0.9821075 AA=0.9650438 kappa=0.9762328 AC=[[0.99168591 0.99928911 0.84376516 0.97133333 1.         0.99249645
 0.9300538  0.95998889 0.99678112]]
[2021-01-28 08:46:13,262][Demo_PU.py][INFO] Epoch:[600/1000]	 test=41173\41917 OA=0.9822506 AA=0.9654386 kappa=0.9764238 AC=[[0.99137798 0.99928911 0.84619117 0.972      1.         0.99249645
 0.93082244 0.95998889 0.99678112]]
[2021-01-28 09:09:32,340][Demo_PU.py][INFO] Epoch:[610/1000]	 test=41174\41917 OA=0.9822745 AA=0.9655869 kappa=0.9764552 AC=[[0.99137798 0.99928911 0.84764677 0.97166667 1.         0.99249645
 0.93159108 0.95943318 0.99678112]]
[2021-01-28 09:32:50,929][Demo_PU.py][INFO] Epoch:[620/1000]	 test=40773\41917 OA=0.9727080 AA=0.9555459 kappa=0.9637013 AC=[[0.99214781 0.99956253 0.87627365 0.96233333 1.         0.96856621
 0.93543428 0.86774104 0.99785408]]
[2021-01-28 09:54:58,098][Demo_PU.py][INFO] Epoch:[630/1000]	 test=40177\41917 OA=0.9584894 AA=0.9412858 kappa=0.9447701 AC=[[0.95026944 0.99349265 0.7869966  0.94566667 1.         0.92476171
 0.94465796 0.93109197 0.99463519]]
[2021-01-28 10:17:36,090][Demo_PU.py][INFO] Epoch:[640/1000]	 test=40570\41917 OA=0.9678651 AA=0.9474311 kappa=0.9572073 AC=[[0.97813703 0.99879696 0.80203785 0.958      1.         0.94301359
 0.92159877 0.92636844 0.99892704]]
[2021-01-28 10:39:58,607][Demo_PU.py][INFO] Epoch:[650/1000]	 test=40639\41917 OA=0.9695112 AA=0.9493631 kappa=0.9594087 AC=[[0.97936875 0.99890633 0.80640466 0.95733333 1.         0.94869195
 0.92159877 0.93303695 0.99892704]]
[2021-01-28 11:02:27,403][Demo_PU.py][INFO] Epoch:[660/1000]	 test=40695\41917 OA=0.9708472 AA=0.9512282 kappa=0.9611976 AC=[[0.9799846  0.99890633 0.81028627 0.95833333 1.         0.95295072
 0.92390469 0.93776049 0.99892704]]
[2021-01-28 11:25:21,661][Demo_PU.py][INFO] Epoch:[670/1000]	 test=40739\41917 OA=0.9718968 AA=0.9525732 kappa=0.9626042 AC=[[0.9804465  0.99890633 0.80980107 0.96033333 1.         0.95741229
 0.92544197 0.94081689 1.        ]]
[2021-01-28 11:48:54,534][Demo_PU.py][INFO] Epoch:[680/1000]	 test=40775\41917 OA=0.9727557 AA=0.9536729 kappa=0.9637541 AC=[[0.98090839 0.99885164 0.81028627 0.96066667 1.         0.96065707
 0.92697925 0.94470686 1.        ]]
[2021-01-28 12:12:38,784][Demo_PU.py][INFO] Epoch:[690/1000]	 test=40794\41917 OA=0.9732090 AA=0.9541975 kappa=0.9643602 AC=[[0.98090839 0.99890633 0.81028627 0.96066667 1.         0.96288785
 0.92774789 0.94637399 1.        ]]
[2021-01-28 12:36:31,674][Demo_PU.py][INFO] Epoch:[700/1000]	 test=40809\41917 OA=0.9735668 AA=0.9546465 kappa=0.9648417 AC=[[0.98013857 0.99890633 0.81028627 0.96       1.         0.96592983
 0.92851653 0.94804112 1.        ]]
[2021-01-28 12:59:55,159][Demo_PU.py][INFO] Epoch:[710/1000]	 test=40833\41917 OA=0.9741394 AA=0.9553639 kappa=0.9656095 AC=[[0.9804465  0.99885164 0.81174187 0.961      1.         0.96856621
 0.92851653 0.94915254 1.        ]]
[2021-01-28 13:23:28,210][Demo_PU.py][INFO] Epoch:[720/1000]	 test=40863\41917 OA=0.9748551 AA=0.9560864 kappa=0.9665663 AC=[[0.98137028 0.99885164 0.81174187 0.96166667 1.         0.97181099
 0.92851653 0.95081967 1.        ]]
[2021-01-28 13:47:11,788][Demo_PU.py][INFO] Epoch:[730/1000]	 test=40886\41917 OA=0.9754038 AA=0.9566477 kappa=0.9672996 AC=[[0.98198614 0.99885164 0.81222707 0.96166667 1.         0.97465017
 0.92851653 0.95193109 1.        ]]
[2021-01-28 14:11:29,204][Demo_PU.py][INFO] Epoch:[740/1000]	 test=40901\41917 OA=0.9757616 AA=0.9571793 kappa=0.9677777 AC=[[0.98214011 0.99885164 0.81319748 0.96133333 1.         0.97627256
 0.9300538  0.95276466 1.        ]]
[2021-01-28 14:35:22,125][Demo_PU.py][INFO] Epoch:[750/1000]	 test=40913\41917 OA=0.9760479 AA=0.9575779 kappa=0.9681594 AC=[[0.982602   0.99885164 0.81416788 0.961      1.         0.97688096
 0.93082244 0.95387608 1.        ]]
[2021-01-28 14:58:56,269][Demo_PU.py][INFO] Epoch:[760/1000]	 test=40935\41917 OA=0.9765728 AA=0.9583400 kappa=0.9688610 AC=[[0.98321786 0.99879696 0.81659389 0.962      1.         0.97870614
 0.93159108 0.95415393 1.        ]]
[2021-01-28 15:22:32,191][Demo_PU.py][INFO] Epoch:[770/1000]	 test=40941\41917 OA=0.9767159 AA=0.9583087 kappa=0.9690521 AC=[[0.98352579 0.99874228 0.81610869 0.96166667 1.         0.97972014
 0.93082244 0.95526535 0.99892704]]
[2021-01-28 15:46:38,948][Demo_PU.py][INFO] Epoch:[780/1000]	 test=40954\41917 OA=0.9770260 AA=0.9588187 kappa=0.9694653 AC=[[0.98383372 0.99874228 0.81804949 0.962      1.         0.98012574
 0.93159108 0.95609892 0.99892704]]
