[2021-01-23 23:29:16,038][Demo_KSC.py][INFO] NUM:[0/10]	 lr=0.0005,weight+decay=2e-05 


[2021-01-23 23:37:55,784][Demo_KSC.py][INFO] Epoch:[0/1000]	 test=871\4891 OA=0.1780822 AA=0.0769231 kappa=0.0000000 AC=[[0. 0. 0. 0. 0. 0. 0. 0. 0. 0. 0. 0. 1.]]
[2021-01-24 10:58:18,313][Demo_KSC.py][INFO] NUM:[0/10]	 lr=0.0005,weight+decay=2e-05 


[2021-01-24 11:06:27,006][Demo_KSC.py][INFO] Epoch:[0/1000]	 test=391\4891 OA=0.0799428 AA=0.0769231 kappa=0.0000000 AC=[[0. 0. 0. 0. 0. 0. 0. 0. 0. 0. 1. 0. 0.]]
[2021-01-24 11:24:45,304][Demo_KSC.py][INFO] NUM:[0/10]	 lr=0.0005,weight+decay=2e-05 


[2021-01-24 11:33:48,411][Demo_KSC.py][INFO] Epoch:[0/1000]	 test=871\4891 OA=0.1780822 AA=0.0769231 kappa=0.0000000 AC=[[0. 0. 0. 0. 0. 0. 0. 0. 0. 0. 0. 0. 1.]]
[2021-01-24 12:24:04,835][Demo_KSC.py][INFO] Epoch:[10/1000]	 test=871\4891 OA=0.1780822 AA=0.0769231 kappa=0.0000000 AC=[[0. 0. 0. 0. 0. 0. 0. 0. 0. 0. 0. 0. 1.]]
[2021-01-24 13:11:57,233][Demo_KSC.py][INFO] Epoch:[20/1000]	 test=871\4891 OA=0.1780822 AA=0.0769231 kappa=0.0000000 AC=[[0. 0. 0. 0. 0. 0. 0. 0. 0. 0. 0. 0. 1.]]
[2021-01-24 14:00:27,747][Demo_KSC.py][INFO] Epoch:[30/1000]	 test=871\4891 OA=0.1780822 AA=0.0769231 kappa=0.0000000 AC=[[0. 0. 0. 0. 0. 0. 0. 0. 0. 0. 0. 0. 1.]]
[2021-01-24 14:48:45,988][Demo_KSC.py][INFO] Epoch:[40/1000]	 test=871\4891 OA=0.1780822 AA=0.0769231 kappa=0.0000000 AC=[[0. 0. 0. 0. 0. 0. 0. 0. 0. 0. 0. 0. 1.]]
[2021-01-24 15:38:12,778][Demo_KSC.py][INFO] Epoch:[50/1000]	 test=1937\4891 OA=0.3960335 AA=0.2229283 kappa=0.2872875 AC=[[0.9930265  0.         0.         0.         0.         0.
 0.         0.00990099 0.         0.         0.89514066 0.
 1.        ]]
[2021-01-24 16:26:49,722][Demo_KSC.py][INFO] Epoch:[60/1000]	 test=2232\4891 OA=0.4563484 AA=0.2792620 kappa=0.3709532 AC=[[0.9930265  0.         0.         0.         0.         0.
 0.         0.67574257 0.         0.         0.96163683 0.
 1.        ]]
[2021-01-24 17:15:06,331][Demo_KSC.py][INFO] Epoch:[70/1000]	 test=2314\4891 OA=0.4731139 AA=0.2949447 kappa=0.3924265 AC=[[0.9930265  0.         0.         0.         0.         0.
 0.         0.85148515 0.         0.         0.98976982 0.
 1.        ]]
[2021-01-24 18:03:31,893][Demo_KSC.py][INFO] Epoch:[80/1000]	 test=2594\4891 OA=0.5303619 AA=0.3407615 kappa=0.4623577 AC=[[0.9930265  0.         0.         0.         0.         0.
 0.         0.85643564 0.         0.         0.99232737 0.5881104
 1.        ]]
[2021-01-24 18:52:59,671][Demo_KSC.py][INFO] Epoch:[90/1000]	 test=2745\4891 OA=0.5612349 AA=0.3657705 kappa=0.4988734 AC=[[0.9930265  0.         0.         0.         0.         0.
 0.         0.85643564 0.04065041 0.02925532 0.99488491 0.84076433
 1.        ]]
[2021-01-24 19:41:52,979][Demo_KSC.py][INFO] Epoch:[100/1000]	 test=2869\4891 OA=0.5865876 AA=0.3875778 kappa=0.5281449 AC=[[0.9944212  0.         0.         0.         0.         0.
 0.         0.46534653 0.24796748 0.45478723 0.99488491 0.88110403
 1.        ]]
[2021-01-24 20:30:56,210][Demo_KSC.py][INFO] Epoch:[110/1000]	 test=3004\4891 OA=0.6141893 AA=0.4138920 kappa=0.5597163 AC=[[0.9958159  0.06113537 0.         0.         0.         0.
 0.         0.47029703 0.35772358 0.59840426 0.99488491 0.90233546
 1.        ]]
[2021-01-24 21:18:51,855][Demo_KSC.py][INFO] Epoch:[120/1000]	 test=3126\4891 OA=0.6391331 AA=0.4432348 kappa=0.5883997 AC=[[0.9930265  0.27074236 0.         0.         0.         0.
 0.         0.46782178 0.43699187 0.68351064 0.99488491 0.91507431
 1.        ]]
[2021-01-24 22:07:23,390][Demo_KSC.py][INFO] Epoch:[130/1000]	 test=3197\4891 OA=0.6536496 AA=0.4608666 kappa=0.6050409 AC=[[0.9930265  0.40611354 0.         0.         0.         0.
 0.         0.46782178 0.47764228 0.73670213 0.99488491 0.91507431
 1.        ]]
[2021-01-24 22:56:51,511][Demo_KSC.py][INFO] Epoch:[140/1000]	 test=3230\4891 OA=0.6603966 AA=0.4705082 kappa=0.6128684 AC=[[0.9916318  0.50655022 0.         0.         0.         0.
 0.         0.47277228 0.4898374  0.75265957 0.99232737 0.91082803
 1.        ]]
[2021-01-24 23:44:53,357][Demo_KSC.py][INFO] Epoch:[150/1000]	 test=3253\4891 OA=0.6650992 AA=0.4754901 kappa=0.6182774 AC=[[0.9916318  0.52838428 0.         0.         0.         0.
 0.         0.48019802 0.50406504 0.77393617 0.99232737 0.91082803
 1.        ]]
[2021-01-25 00:33:24,862][Demo_KSC.py][INFO] Epoch:[160/1000]	 test=3278\4891 OA=0.6702106 AA=0.4813783 kappa=0.6241756 AC=[[0.9916318  0.56768559 0.         0.         0.         0.
 0.         0.49009901 0.52235772 0.78723404 0.99232737 0.90658174
 1.        ]]
[2021-01-25 01:21:34,099][Demo_KSC.py][INFO] Epoch:[170/1000]	 test=3313\4891 OA=0.6773666 AA=0.4888403 kappa=0.6323994 AC=[[0.9902371  0.59825328 0.         0.         0.         0.
 0.         0.52227723 0.54471545 0.80053191 0.99232737 0.90658174
 1.        ]]
[2021-01-25 02:09:06,571][Demo_KSC.py][INFO] Epoch:[180/1000]	 test=3359\4891 OA=0.6867716 AA=0.4974804 kappa=0.6431302 AC=[[0.9902371  0.61135371 0.         0.         0.         0.
 0.         0.56683168 0.58130081 0.81648936 0.99232737 0.90870488
 1.        ]]
[2021-01-25 02:57:02,889][Demo_KSC.py][INFO] Epoch:[190/1000]	 test=3389\4891 OA=0.6929053 AA=0.5028413 kappa=0.6501429 AC=[[0.9888424  0.61572052 0.         0.         0.         0.
 0.         0.56435644 0.61382114 0.84042553 0.99232737 0.92144374
 1.        ]]
[2021-01-25 03:43:53,946][Demo_KSC.py][INFO] Epoch:[200/1000]	 test=3432\4891 OA=0.7016970 AA=0.5104553 kappa=0.6601446 AC=[[0.9888424  0.63318777 0.         0.         0.         0.
 0.         0.56188119 0.68292683 0.85106383 0.99232737 0.92569002
 1.        ]]
[2021-01-25 04:29:32,255][Demo_KSC.py][INFO] Epoch:[210/1000]	 test=3464\4891 OA=0.7082396 AA=0.5160294 kappa=0.6675756 AC=[[0.9888424  0.63318777 0.         0.         0.00666667 0.
 0.         0.56188119 0.7195122  0.85904255 0.99232737 0.94692144
 1.        ]]
[2021-01-25 05:15:19,401][Demo_KSC.py][INFO] Epoch:[220/1000]	 test=3505\4891 OA=0.7166224 AA=0.5241539 kappa=0.6771716 AC=[[0.9888424  0.64628821 0.         0.         0.02       0.
 0.         0.56683168 0.73373984 0.87234043 0.99232737 0.99363057
 1.        ]]
[2021-01-25 06:02:21,365][Demo_KSC.py][INFO] Epoch:[230/1000]	 test=3544\4891 OA=0.7245962 AA=0.5345615 kappa=0.6866144 AC=[[0.9888424  0.72925764 0.         0.         0.03333333 0.
 0.         0.57178218 0.75609756 0.87765957 0.99232737 1.
 1.        ]]
[2021-01-25 06:48:43,422][Demo_KSC.py][INFO] Epoch:[240/1000]	 test=3679\4891 OA=0.7521979 AA=0.5703526 kappa=0.7185827 AC=[[0.9888424  0.77729258 0.         0.         0.2        0.
 0.         0.82673267 0.73577236 0.89361702 0.99232737 1.
 1.        ]]
[2021-01-25 07:35:21,016][Demo_KSC.py][INFO] Epoch:[250/1000]	 test=3782\4891 OA=0.7732570 AA=0.6096569 kappa=0.7447228 AC=[[0.9888424  0.79912664 0.         0.         0.59333333 0.
 0.         0.9009901  0.74390244 0.90957447 0.98976982 1.
 1.        ]]
[2021-01-25 08:21:51,579][Demo_KSC.py][INFO] Epoch:[260/1000]	 test=3889\4891 OA=0.7951339 AA=0.6436081 kappa=0.7710116 AC=[[0.9888424  0.81659389 0.         0.         0.88       0.
 0.         0.95544554 0.80284553 0.93085106 0.99232737 1.
 1.        ]]
[2021-01-25 09:08:01,950][Demo_KSC.py][INFO] Epoch:[270/1000]	 test=3919\4891 OA=0.8012676 AA=0.6500315 kappa=0.7782079 AC=[[0.9888424  0.8209607  0.         0.         0.9        0.
 0.         0.98762376 0.82926829 0.93351064 0.99232737 0.99787686
 1.        ]]
[2021-01-25 09:54:46,524][Demo_KSC.py][INFO] Epoch:[280/1000]	 test=3935\4891 OA=0.8045389 AA=0.6556643 kappa=0.7819096 AC=[[0.9874477  0.84716157 0.         0.00421941 0.93333333 0.
 0.         0.99257426 0.83943089 0.93351064 0.99232737 0.99363057
 1.        ]]
[2021-01-25 10:40:27,635][Demo_KSC.py][INFO] Epoch:[290/1000]	 test=3954\4891 OA=0.8084236 AA=0.6603042 kappa=0.7863121 AC=[[0.9888424  0.87336245 0.         0.00843882 0.94       0.
 0.         0.99752475 0.85365854 0.93617021 0.99232737 0.99363057
 1.        ]]
[2021-01-25 11:27:05,540][Demo_KSC.py][INFO] Epoch:[300/1000]	 test=3976\4891 OA=0.8129217 AA=0.6657280 kappa=0.7913775 AC=[[0.9888424  0.89082969 0.         0.02109705 0.95333333 0.
 0.         0.99752475 0.87804878 0.93882979 0.99232737 0.99363057
 1.        ]]
[2021-01-25 12:13:55,713][Demo_KSC.py][INFO] Epoch:[310/1000]	 test=3993\4891 OA=0.8163975 AA=0.6708973 kappa=0.7953603 AC=[[0.9902371  0.89956332 0.         0.02953586 0.98666667 0.
 0.         0.99752475 0.89227642 0.94414894 0.99232737 0.98938429
 1.        ]]
[2021-01-25 13:00:17,103][Demo_KSC.py][INFO] Epoch:[320/1000]	 test=4076\4891 OA=0.8333674 AA=0.7285074 kappa=0.8145895 AC=[[0.9916318  0.90829694 0.         0.03797468 0.98666667 0.
 0.71428571 0.99752475 0.91260163 0.94414894 0.99232737 0.985138
 1.        ]]
[2021-01-25 13:46:39,593][Demo_KSC.py][INFO] Epoch:[330/1000]	 test=4118\4891 OA=0.8419546 AA=0.7460379 kappa=0.8242616 AC=[[0.9916318  0.91266376 0.0373444  0.05063291 0.98666667 0.
 0.85714286 0.99752475 0.93902439 0.94414894 0.99232737 0.98938429
 1.        ]]
[2021-01-25 14:33:19,016][Demo_KSC.py][INFO] Epoch:[340/1000]	 test=4189\4891 OA=0.8564711 AA=0.7658375 kappa=0.8404355 AC=[[0.9902371  0.91266376 0.15352697 0.08860759 0.98666667 0.
 0.89795918 0.99752475 0.99593496 0.94680851 0.99232737 0.99363057
 1.        ]]
[2021-01-25 15:19:47,472][Demo_KSC.py][INFO] Epoch:[350/1000]	 test=4210\4891 OA=0.8607647 AA=0.7719826 kappa=0.8451840 AC=[[0.9930265  0.92576419 0.19502075 0.10970464 0.98666667 0.
 0.89795918 0.99752475 1.         0.94414894 0.99232737 0.99363057
 1.        ]]
[2021-01-25 16:05:59,422][Demo_KSC.py][INFO] Epoch:[360/1000]	 test=4304\4891 OA=0.8799836 AA=0.8059947 kappa=0.8665029 AC=[[0.9958159  0.94759825 0.21161826 0.13924051 0.98       0.35046729
 0.92857143 0.9950495  1.         0.94148936 0.99232737 0.99575372
 1.        ]]
[2021-01-25 16:52:58,760][Demo_KSC.py][INFO] Epoch:[370/1000]	 test=4443\4891 OA=0.9084032 AA=0.8532630 kappa=0.8980759 AC=[[0.9958159  0.95196507 0.46887967 0.20675105 0.98666667 0.61682243
 0.93877551 0.9950495  1.         0.94148936 0.99232737 0.99787686
 1.        ]]
[2021-01-25 17:39:21,881][Demo_KSC.py][INFO] Epoch:[380/1000]	 test=4540\4891 OA=0.9282355 AA=0.8837708 kappa=0.9200455 AC=[[1.         0.95196507 0.69294606 0.28691983 0.94666667 0.74766355
 0.93877551 0.9950495  1.         0.93882979 0.99232737 0.99787686
 1.        ]]
[2021-01-25 18:26:42,751][Demo_KSC.py][INFO] Epoch:[390/1000]	 test=4623\4891 OA=0.9452055 AA=0.9133910 kappa=0.9389828 AC=[[0.9958159  0.95196507 0.90871369 0.30801688 0.94666667 0.86915888
 0.96938776 0.99257426 0.99796748 0.94148936 0.99232737 1.
 1.        ]]
[2021-01-25 19:15:52,447][Demo_KSC.py][INFO] Epoch:[400/1000]	 test=4652\4891 OA=0.9511347 AA=0.9233504 kappa=0.9455798 AC=[[0.9958159  0.95196507 0.93775934 0.3628692  0.94666667 0.90186916
 0.97959184 0.99257426 0.99796748 0.94414894 0.99232737 1.
 1.        ]]
[2021-01-25 20:12:20,240][Demo_KSC.py][INFO] NUM:[0/5]	 lr=0.0005,weight+decay=2e-05 


[2021-01-25 20:21:10,485][Demo_KSC.py][INFO] Epoch:[0/1000]	 test=871\4891 OA=0.1780822 AA=0.0769231 kappa=0.0000000 AC=[[0. 0. 0. 0. 0. 0. 0. 0. 0. 0. 0. 0. 1.]]
[2021-01-26 00:06:55,244][Demo_KSC.py][INFO] Epoch:[50/1000]	 test=2044\4891 OA=0.4179104 AA=0.2457943 kappa=0.3190050 AC=[[0.9525802  0.         0.         0.         0.         0.
 0.         0.31435644 0.         0.         0.92838875 0.
 1.        ]]
[2021-01-26 03:54:42,093][Demo_KSC.py][INFO] Epoch:[100/1000]	 test=2840\4891 OA=0.5806584 AA=0.3879271 kappa=0.5223287 AC=[[0.9595537  0.         0.         0.         0.04       0.
 0.         0.37128713 0.17073171 0.60638298 0.99488491 0.90021231
 1.        ]]
[2021-01-26 07:40:27,744][Demo_KSC.py][INFO] Epoch:[150/1000]	 test=3348\4891 OA=0.6845226 AA=0.5354993 kappa=0.6491592 AC=[[0.9888424  0.34934498 0.         0.         0.98666667 0.
 0.         0.50742574 0.50813008 0.73404255 0.99744246 0.8895966
 1.        ]]
[2021-01-26 11:26:12,787][Demo_KSC.py][INFO] Epoch:[200/1000]	 test=3538\4891 OA=0.7233695 AA=0.5774966 kappa=0.6925919 AC=[[0.9902371  0.58515284 0.         0.         0.98666667 0.
 0.         0.55693069 0.66056911 0.84042553 1.         0.88747346
 1.        ]]
[2021-01-26 15:14:10,815][Demo_KSC.py][INFO] Epoch:[250/1000]	 test=3697\4891 OA=0.7558781 AA=0.6111596 kappa=0.7285515 AC=[[0.9972106  0.79475983 0.         0.         0.96666667 0.
 0.         0.57920792 0.79268293 0.90159574 1.         0.91295117
 1.        ]]
[2021-01-26 19:02:36,487][Demo_KSC.py][INFO] Epoch:[300/1000]	 test=3907\4891 OA=0.7988141 AA=0.6543517 kappa=0.7762308 AC=[[0.9972106  0.89519651 0.         0.         0.98666667 0.
 0.         0.90346535 0.81707317 0.92819149 1.         0.97876858
 1.        ]]
[2021-01-26 22:49:34,723][Demo_KSC.py][INFO] Epoch:[350/1000]	 test=4206\4891 OA=0.8599468 AA=0.7532765 kappa=0.8442615 AC=[[0.9986053  0.93886463 0.         0.01687764 0.99333333 0.89719626
 0.13265306 0.98762376 0.85772358 0.98670213 1.         0.98301486
 1.        ]]
[2021-01-27 02:36:16,841][Demo_KSC.py][INFO] Epoch:[400/1000]	 test=4353\4891 OA=0.8900020 AA=0.8171716 kappa=0.8777090 AC=[[0.9972106  0.92576419 0.         0.0464135  0.99333333 0.98130841
 0.7244898  0.98762376 0.98780488 0.99202128 1.         0.98726115
 1.        ]]
[2021-01-27 06:19:16,122][Demo_KSC.py][INFO] Epoch:[450/1000]	 test=4545\4891 OA=0.9292578 AA=0.8823997 kappa=0.9212978 AC=[[0.9972106  0.94323144 0.68879668 0.09704641 0.96       0.99065421
 0.83673469 0.98762376 0.99593496 0.98670213 1.         0.98726115
 1.        ]]
[2021-01-27 10:03:14,810][Demo_KSC.py][INFO] Epoch:[500/1000]	 test=4591\4891 OA=0.9386629 AA=0.8977188 kappa=0.9317306 AC=[[0.9958159  0.94323144 0.89626556 0.12658228 0.90666667 0.99065421
 0.86734694 0.98514851 0.99796748 0.97340426 1.         0.98726115
 1.        ]]
[2021-01-27 13:50:17,487][Demo_KSC.py][INFO] Epoch:[550/1000]	 test=4608\4891 OA=0.9421386 AA=0.9070250 kappa=0.9356013 AC=[[0.9916318  0.94759825 0.93360996 0.16877637 0.9        0.99065421
 0.92857143 0.98514851 0.99796748 0.96010638 1.         0.98726115
 1.        ]]
[2021-01-27 17:40:16,161][Demo_KSC.py][INFO] Epoch:[600/1000]	 test=4629\4891 OA=0.9464322 AA=0.9132812 kappa=0.9403719 AC=[[0.9958159  0.95196507 0.95435685 0.20253165 0.9        0.99065421
 0.93877551 0.98267327 1.         0.97074468 1.         0.985138
 1.        ]]
[2021-01-27 21:24:35,603][Demo_KSC.py][INFO] Epoch:[650/1000]	 test=4659\4891 OA=0.9525659 AA=0.9250713 kappa=0.9472127 AC=[[0.9790795  0.95633188 0.96680498 0.33755274 0.94666667 0.9953271
 0.89795918 0.98019802 1.         0.9893617  1.         0.97664544
 1.        ]]
[2021-01-28 01:12:23,419][Demo_KSC.py][INFO] Epoch:[700/1000]	 test=4709\4891 OA=0.9627888 AA=0.9412285 kappa=0.9585714 AC=[[0.9958159  0.95633188 0.97510373 0.47679325 0.93333333 0.9953271
 0.95918367 0.98019802 1.         0.9893617  1.         0.97452229
 1.        ]]
[2021-01-28 04:55:58,624][Demo_KSC.py][INFO] Epoch:[750/1000]	 test=4742\4891 OA=0.9695359 AA=0.9518658 kappa=0.9660790 AC=[[0.9916318  0.96069869 0.98340249 0.63291139 0.90666667 0.9953271
 0.95918367 0.98267327 1.         0.9893617  1.         0.97239915
 1.        ]]
[2021-01-28 08:39:16,903][Demo_KSC.py][INFO] Epoch:[800/1000]	 test=4763\4891 OA=0.9738295 AA=0.9589526 kappa=0.9708571 AC=[[0.9916318  0.96069869 0.98340249 0.71729958 0.91333333 0.9953271
 0.95918367 0.98267327 1.         0.99468085 1.         0.96815287
 1.        ]]
[2021-01-28 12:28:00,422][Demo_KSC.py][INFO] Epoch:[850/1000]	 test=4763\4891 OA=0.9738295 AA=0.9592338 kappa=0.9708580 AC=[[0.9916318  0.96069869 0.98340249 0.7257384  0.91333333 0.9953271
 0.95918367 0.98267327 1.         0.99202128 1.         0.96602972
 1.        ]]
